<?xml version="1.0" encoding="UTF-8"?>
<!-- Generated by org.testng.reporters.JUnitReportReporter -->
<testsuite hostname="lin80034545" failures="0" tests="1" name="Framework.AppTest" time="0.016" errors="0" timestamp="2023-11-18T15:54:42 IST" skipped="0">
  <testcase classname="Framework.AppTest" name="shouldAnswerWithTrue" time="0.016"/>
</testsuite> <!-- Framework.AppTest -->
