<?xml version="1.0" encoding="UTF-8"?>
<!-- Generated by org.testng.reporters.JUnitReportReporter -->
<testsuite hostname="lin80034545" failures="0" tests="2" name="Framework.tests.ErrorValidations" time="16.119" errors="0" timestamp="2023-11-22T14:57:59 IST" skipped="0">
  <testcase classname="Framework.tests.ErrorValidations" name="productErrorValidation" time="9.085"/>
  <testcase classname="Framework.tests.ErrorValidations" name="loginErrorValidation" time="7.034"/>
</testsuite> <!-- Framework.tests.ErrorValidations -->
