<?xml version="1.0" encoding="UTF-8"?>
<!-- Generated by org.testng.reporters.JUnitReportReporter -->
<testsuite hostname="lin80034545" failures="0" tests="1" name="cucumber.TestNGTestRunner" time="12.267" errors="0" timestamp="2023-11-26T13:53:59 IST" skipped="0">
  <testcase classname="cucumber.TestNGTestRunner" name="runScenario" time="12.267"/>
</testsuite> <!-- cucumber.TestNGTestRunner -->
