<?xml version="1.0" encoding="UTF-8"?>
<!-- Generated by org.testng.reporters.JUnitReportReporter -->
<testsuite hostname="lin80034545" failures="0" tests="1" name="Framework.tests.SubmitOrderTest" time="19.093" errors="0" timestamp="2023-11-24T18:51:42 IST" skipped="0">
  <testcase classname="Framework.tests.SubmitOrderTest" name="submitorder" time="19.093"/>
</testsuite> <!-- Framework.tests.SubmitOrderTest -->
