<?xml version="1.0" encoding="UTF-8"?>
<!-- Generated by org.testng.reporters.JUnitReportReporter -->
<testsuite hostname="lin80034545" failures="0" tests="2" name="Framework.tests.SubmitOrderTest" time="20.756" errors="0" timestamp="24 Nov 2023 06:27:34 GMT" skipped="0">
  <testcase classname="Framework.tests.SubmitOrderTest" name="submitorder" time="15.842"/>
  <testcase classname="Framework.tests.SubmitOrderTest" name="OrderHistoryTest" time="4.914"/>
</testsuite> <!-- Framework.tests.SubmitOrderTest -->
