<?xml version="1.0" encoding="UTF-8"?>
<!-- Generated by org.testng.reporters.JUnitReportReporter -->
<testsuite hostname="lin80034545" failures="0" tests="1" name="cucumber.TestNGTestRunner" time="17.998" errors="0" timestamp="26 Nov 2023 12:03:16 GMT" skipped="0">
  <testcase classname="cucumber.TestNGTestRunner" name="runScenario" time="17.998"/>
</testsuite> <!-- cucumber.TestNGTestRunner -->
